2014-10-03 18:45:06+0200 [scrapy] INFO: Scrapy 0.24.4 started (bot: politikdokumente)
2014-10-03 18:45:06+0200 [scrapy] INFO: Optional features available: ssl, http11
2014-10-03 18:45:06+0200 [scrapy] INFO: Overridden settings: {'NEWSPIDER_MODULE': 'politikdokumente.spiders', 'FEED_URI': 'output/reden.csv', 'LOG_LEVEL': 'INFO', 'SPIDER_MODULES': ['politikdokumente.spiders'], 'BOT_NAME': 'politikdokumente', 'FEED_FORMAT': 'csv', 'LOG_FILE': 'scrapy.log', 'DOWNLOAD_DELAY': 0.2}
2014-10-03 18:45:06+0200 [scrapy] INFO: Enabled extensions: FeedExporter, LogStats, TelnetConsole, CloseSpider, WebService, CoreStats, SpiderState
2014-10-03 18:45:06+0200 [scrapy] INFO: Enabled downloader middlewares: HttpAuthMiddleware, DownloadTimeoutMiddleware, UserAgentMiddleware, RetryMiddleware, DefaultHeadersMiddleware, MetaRefreshMiddleware, HttpCompressionMiddleware, RedirectMiddleware, CookiesMiddleware, ChunkedTransferMiddleware, DownloaderStats
2014-10-03 18:45:06+0200 [scrapy] INFO: Enabled spider middlewares: HttpErrorMiddleware, OffsiteMiddleware, RefererMiddleware, UrlLengthMiddleware, DepthMiddleware
2014-10-03 18:45:06+0200 [scrapy] INFO: Enabled item pipelines: 
2014-10-03 18:45:06+0200 [reden] INFO: Spider opened
2014-10-03 18:45:06+0200 [reden] INFO: Crawled 0 pages (at 0 pages/min), scraped 0 items (at 0 items/min)
2014-10-03 18:46:06+0200 [reden] INFO: Crawled 230 pages (at 230 pages/min), scraped 221 items (at 221 items/min)
2014-10-03 18:47:06+0200 [reden] INFO: Crawled 472 pages (at 242 pages/min), scraped 459 items (at 238 items/min)
2014-10-03 18:47:43+0200 [reden] INFO: Closing spider (finished)
2014-10-03 18:47:43+0200 [reden] INFO: Stored csv feed (614 items) in: output/reden.csv
2014-10-03 18:47:43+0200 [reden] INFO: Dumping Scrapy stats:
	{'downloader/request_bytes': 439152,
	 'downloader/request_count': 627,
	 'downloader/request_method_count/GET': 627,
	 'downloader/response_bytes': 7912861,
	 'downloader/response_count': 627,
	 'downloader/response_status_count/200': 627,
	 'finish_reason': 'finished',
	 'finish_time': datetime.datetime(2014, 10, 3, 16, 47, 43, 596811),
	 'item_scraped_count': 614,
	 'log_count/INFO': 10,
	 'request_depth_max': 13,
	 'response_received_count': 627,
	 'scheduler/dequeued': 627,
	 'scheduler/dequeued/memory': 627,
	 'scheduler/enqueued': 627,
	 'scheduler/enqueued/memory': 627,
	 'start_time': datetime.datetime(2014, 10, 3, 16, 45, 6, 705612)}
2014-10-03 18:47:43+0200 [reden] INFO: Spider closed (finished)
